"D:/Users/Sean.peterson/Documents/Unreal Projects/GreyBox2/Content/Mannequin/Character/Mesh/SK_Mannequin_PhysicsAsset.uasset" 0
"D:/Users/Sean.peterson/Documents/Unreal Projects/GreyBox2/Content/Mannequin/Character/Textures/T_UE4Logo_N.uasset" 1
"D:/Users/Sean.peterson/Documents/Unreal Projects/GreyBox2/Content/Mannequin/Character/Textures/T_UE4Logo_Mask.uasset" 2
"D:/Users/Sean.peterson/Documents/Unreal Projects/GreyBox2/Content/Mannequin/Character/Textures/T_Male_N.uasset" 3
"D:/Users/Sean.peterson/Documents/Unreal Projects/GreyBox2/Content/Mannequin/Character/Textures/T_Male_Mask.uasset" 4
"D:/Users/Sean.peterson/Documents/Unreal Projects/GreyBox2/Content/Mannequin/Character/Materials/MaterialLayers/T_ML_Rubber_Blue_01_N.uasset" 5
"D:/Users/Sean.peterson/Documents/Unreal Projects/GreyBox2/Content/Mannequin/Character/Materials/MaterialLayers/T_ML_Rubber_Blue_01_D.uasset" 6
"D:/Users/Sean.peterson/Documents/Unreal Projects/GreyBox2/Content/Mannequin/Character/Materials/MaterialLayers/T_ML_Aluminum01_N.uasset" 7
"D:/Users/Sean.peterson/Documents/Unreal Projects/GreyBox2/Content/Mannequin/Character/Materials/MaterialLayers/T_ML_Aluminum01.uasset" 8
"D:/Users/Sean.peterson/Documents/Unreal Projects/GreyBox2/Content/Mannequin/Character/Materials/MaterialLayers/ML_SoftMetal_UE4.uasset" 9
"D:/Users/Sean.peterson/Documents/Unreal Projects/GreyBox2/Content/Mannequin/Character/Materials/MaterialLayers/ML_Plastic_Shiny_Beige_LOGO.uasset" 10
"D:/Users/Sean.peterson/Documents/Unreal Projects/GreyBox2/Content/Mannequin/Character/Materials/MaterialLayers/ML_Plastic_Shiny_Beige.uasset" 11
"D:/Users/Sean.peterson/Documents/Unreal Projects/GreyBox2/Content/Mannequin/Character/Materials/MaterialLayers/ML_GlossyBlack_Latex_UE4.uasset" 12
"../../../Engine/Content/Functions/MaterialLayerFunctions/MatLayerBlend_Simple.uasset" 13
"../../../Engine/Content/Functions/Engine_MaterialFunctions02/Utility/BlendAngleCorrectedNormals.uasset" 14
"../../../Engine/Content/Functions/MaterialLayerFunctions/MatLayerBlend_NormalBlend.uasset" 15
"D:/Users/Sean.peterson/Documents/Unreal Projects/GreyBox2/Content/Mannequin/Character/Materials/M_Male_Body.uasset" 16
"D:/Users/Sean.peterson/Documents/Unreal Projects/GreyBox2/Content/Mannequin/Character/Materials/M_UE4Man_ChestLogo.uasset" 17
"D:/Users/Sean.peterson/Documents/Unreal Projects/GreyBox2/Content/Mannequin/Character/Mesh/UE4_Mannequin_Skeleton.uasset" 18
"D:/Users/Sean.peterson/Documents/Unreal Projects/GreyBox2/Content/Mannequin/Character/Mesh/SK_Mannequin.uasset" 19
"../../../Engine/Content/EditorBlueprintResources/StandardMacros.uasset" 20
"D:/Users/Sean.peterson/Documents/Unreal Projects/GreyBox2/Content/Mannequin/Animations/ThirdPersonWalk.uasset" 21
"D:/Users/Sean.peterson/Documents/Unreal Projects/GreyBox2/Content/Mannequin/Animations/ThirdPersonRun.uasset" 22
"D:/Users/Sean.peterson/Documents/Unreal Projects/GreyBox2/Content/Mannequin/Animations/ThirdPersonIdle.uasset" 23
"D:/Users/Sean.peterson/Documents/Unreal Projects/GreyBox2/Content/Mannequin/Animations/ThirdPerson_IdleRun_2D.uasset" 24
"D:/Users/Sean.peterson/Documents/Unreal Projects/GreyBox2/Content/Mannequin/Animations/ThirdPerson_Jump.uasset" 25
"D:/Users/Sean.peterson/Documents/Unreal Projects/GreyBox2/Content/Mannequin/Animations/ThirdPersonJump_Start.uasset" 26
"D:/Users/Sean.peterson/Documents/Unreal Projects/GreyBox2/Content/Mannequin/Animations/ThirdPersonJump_Loop.uasset" 27
"D:/Users/Sean.peterson/Documents/Unreal Projects/GreyBox2/Content/Mannequin/Animations/ThirdPerson_AnimBP.uasset" 28
"D:/Users/Sean.peterson/Documents/Unreal Projects/GreyBox2/Content/SideScrollerBP/Blueprints/SideScrollerCharacter.uasset" 29
"D:/Users/Sean.peterson/Documents/Unreal Projects/GreyBox2/Content/SideScrollerBP/Blueprints/SideScrollerGameMode.uasset" 30
"../../../Engine/Content/Animation/DefaultAnimBoneCompressionSettings.uasset" 31
"../../../Engine/Content/Animation/DefaultAnimCurveCompressionSettings.uasset" 32
"../../../Engine/Content/Functions/Engine_MaterialFunctions01/Opacity/CameraDepthFade.uasset" 33
"../../../Engine/Content/EngineMaterials/T_Default_Material_Grid_N.uasset" 34
"../../../Engine/Content/EngineMaterials/T_Default_Material_Grid_M.uasset" 35
"../../../Engine/Content/EngineMaterials/WorldGridMaterial.uasset" 36
"../../../Engine/Content/ArtTools/RenderToTexture/Meshes/S_1_Unit_Plane.uasset" 37
"../../../Engine/Content/EngineMaterials/DefaultMaterial.uasset" 38
"../../../Engine/Content/BasicShapes/Cone.uasset" 39
"../../../Engine/Content/BasicShapes/Cube.uasset" 40
"../../../Engine/Content/BasicShapes/Plane.uasset" 41
"../../../Engine/Content/BasicShapes/Sphere.uasset" 42
"../../../Engine/Content/EditorLandscapeResources/DataLayer.uasset" 43
"../../../Engine/Content/EditorLandscapeResources/DefaultAlphaTexture.uasset" 44
"../../../Engine/Content/EditorMaterials/MAT_Groups_Toggle.uasset" 45
"../../../Engine/Content/EditorMaterials/MAT_Groups_Visibility.uasset" 46
"../../../Engine/Content/EditorMaterials/PreviewShadowIndicator.uasset" 47
"../../../Engine/Content/EditorMaterials/PreviewShadowIndicatorMaterial.uasset" 48
"../../../Engine/Content/EditorMaterials/MatineeGroups/MAT_ColorTrack.uasset" 49
"../../../Engine/Content/EditorMaterials/MatineeGroups/MAT_Groups_Anim.uasset" 50
"../../../Engine/Content/EditorMaterials/MatineeGroups/MAT_Groups_AudioMaster.uasset" 51
"../../../Engine/Content/EditorMaterials/MatineeGroups/MAT_Groups_Director.uasset" 52
"../../../Engine/Content/EditorMaterials/MatineeGroups/MAT_Groups_Event.uasset" 53
"../../../Engine/Content/EditorMaterials/MatineeGroups/MAT_Groups_Fade.uasset" 54
"../../../Engine/Content/EditorMaterials/MatineeGroups/MAT_Groups_Float.uasset" 55
"../../../Engine/Content/EditorMaterials/MatineeGroups/MAT_Groups_Move.uasset" 56
"../../../Engine/Content/EditorMaterials/MatineeGroups/MAT_Groups_Slomo.uasset" 57
"../../../Engine/Content/EditorMaterials/MatineeGroups/MAT_Groups_Sound.uasset" 58
"../../../Engine/Content/EditorMaterials/MatineeGroups/MAT_Groups_Vector.uasset" 59
"../../../Engine/Content/EditorMaterials/ParticleSystems/PSysThumbnail_NoImage.uasset" 60
"../../../Engine/Content/EditorMaterials/ParticleSystems/PSysThumbnail_OOD.uasset" 61
"../../../Engine/Content/EditorMaterials/Camera/CineMat.uasset" 62
"../../../Engine/Content/EditorMaterials/Camera/MI_CineMat_Rig.uasset" 63
"../../../Engine/Content/EditorMeshes/Camera/SM_CraneRig_Arm.uasset" 64
"../../../Engine/Content/EditorMeshes/Camera/SM_CraneRig_Base.uasset" 65
"../../../Engine/Content/EditorMeshes/Camera/SM_CraneRig_Body.uasset" 66
"../../../Engine/Content/EditorMeshes/Camera/SM_CraneRig_Mount.uasset" 67
"../../../Engine/Content/EditorMeshes/Camera/SM_RailRig_Mount.uasset" 68
"../../../Engine/Content/EditorMeshes/Camera/SM_RailRig_Track.uasset" 69
"../../../Engine/Content/EditorResources/BSPVertex.uasset" 70
"../../../Engine/Content/EditorResources/EmptyActor.uasset" 71
"../../../Engine/Content/EditorResources/S_Actor.uasset" 72
"../../../Engine/Content/EditorResources/S_Note.uasset" 73
"../../../Engine/Content/EditorResources/S_Solver.uasset" 74
"../../../Engine/Content/EditorResources/S_Terrain.uasset" 75
"../../../Engine/Content/EditorResources/S_Trigger.uasset" 76
"../../../Engine/Content/EditorResources/SequenceRecorder/Countdown.uasset" 77
"../../../Engine/Content/EditorResources/SequenceRecorder/RecordingIndicator.uasset" 78
"../../../Engine/Content/EngineDamageTypes/DmgTypeBP_Environmental.uasset" 79
"../../../Engine/Content/EngineDebugMaterials/DebugEditorMaterial.uasset" 80
"../../../Engine/Content/EngineDebugMaterials/DebugMeshMaterial.uasset" 81
"../../../Engine/Content/EngineDebugMaterials/M_SimpleUnlitTranslucent.uasset" 82
"../../../Engine/Content/EngineDebugMaterials/VolumeToRender.uasset" 83
"../../../Engine/Content/Functions/Engine_MaterialFunctions02/Utility/CameraDirectionVector.uasset" 84
"../../../Engine/Content/EngineDebugMaterials/M_VolumeRenderSphereTracePP.uasset" 85
"../../../Engine/Content/Functions/Engine_MaterialFunctions01/Shading/ConvertFromDiffSpec.uasset" 86
"../../../Engine/Content/EngineDebugMaterials/VertexColorMaterial.uasset" 87
"../../../Engine/Content/EngineDebugMaterials/WireframeMaterial.uasset" 88
"../../../Engine/Content/EngineFonts/Faces/RobotoRegular.uasset" 89
"../../../Engine/Content/EngineFonts/Faces/RobotoLight.uasset" 90
"../../../Engine/Content/EngineFonts/Faces/RobotoItalic.uasset" 91
"../../../Engine/Content/EngineFonts/Faces/RobotoBoldItalic.uasset" 92
"../../../Engine/Content/EngineFonts/Faces/RobotoBold.uasset" 93
"../../../Engine/Content/EngineFonts/Faces/DroidSansFallback.uasset" 94
"../../../Engine/Content/EngineFonts/Roboto.uasset" 95
"../../../Engine/Content/EngineMaterials/BaseFlattenNormalMap.uasset" 96
"../../../Engine/Content/EngineMaterials/BaseFlattenGrayscaleMap.uasset" 97
"../../../Engine/Content/EngineMaterials/BaseFlattenEmissiveMap.uasset" 98
"../../../Engine/Content/EngineMaterials/BaseFlattenDiffuseMap.uasset" 99
"../../../Engine/Content/EngineMaterials/BaseFlattenMaterial.uasset" 100
"../../../Engine/Content/EngineMaterials/BlueNoise.uasset" 101
"../../../Engine/Content/EngineMaterials/DefaultBloomKernel.uasset" 102
"../../../Engine/Content/EngineMaterials/DefaultBokeh.uasset" 103
"../../../Engine/Content/EngineMaterials/DefaultDiffuse.uasset" 104
"../../../Engine/Content/EngineMaterials/DefaultDeferredDecalMaterial.uasset" 105
"../../../Engine/Content/EngineMaterials/DefaultLightFunctionMaterial.uasset" 106
"../../../Engine/Content/EngineMaterials/DefaultPhysicalMaterial.uasset" 107
"../../../Engine/Content/Functions/Engine_MaterialFunctions02/Utility/BreakOutFloat2Components.uasset" 108
"../../../Engine/Content/EngineMaterials/DefaultPostProcessMaterial.uasset" 109
"../../../Engine/Content/EngineFonts/RobotoDistanceField.uasset" 110
"../../../Engine/Content/EngineMaterials/DefaultTextMaterialOpaque.uasset" 111
"../../../Engine/Content/EngineMaterials/DefaultWhiteGrid.uasset" 112
"../../../Engine/Content/EngineMaterials/DefaultWhiteGrid_Low.uasset" 113
"../../../Engine/Content/EngineMaterials/EmissiveMeshMaterial.uasset" 114
"../../../Engine/Content/EngineMaterials/GizmoMaterial.uasset" 115
"../../../Engine/Content/EngineMaterials/Good64x64TilingNoiseHighFreq.uasset" 116
"../../../Engine/Content/EngineMaterials/MiniFont.uasset" 117
"../../../Engine/Content/EngineMaterials/InvalidLightmapSettings.uasset" 118
"../../../Engine/Content/EngineMaterials/M_InvalidLightmapSettings.uasset" 119
"../../../Engine/Content/Functions/Engine_MaterialFunctions02/WorldPositionOffset/CameraOffset.uasset" 120
"../../../Engine/Content/EngineMaterials/PhAT_JointLimitMaterial.uasset" 121
"../../../Engine/Content/EngineMaterials/PreintegratedSkinBRDF.uasset" 122
"../../../Engine/Content/EngineMaterials/RemoveSurfaceMaterial.uasset" 123
"../../../Engine/Content/EngineMaterials/WeightMapPlaceholderTexture.uasset" 124
"../../../Engine/Content/EngineResources/WhiteSquareTexture.uasset" 125
"../../../Engine/Content/EngineMaterials/Widget3DPassThrough.uasset" 126
"../../../Engine/Content/EngineMaterials/Widget3DPassThrough_Masked.uasset" 127
"../../../Engine/Content/EngineMaterials/Widget3DPassThrough_Opaque.uasset" 128
"../../../Engine/Content/EngineMaterials/Widget3DPassThrough_Masked_OneSided.uasset" 129
"../../../Engine/Content/EngineMaterials/Widget3DPassThrough_Opaque_OneSided.uasset" 130
"../../../Engine/Content/EngineMaterials/Widget3DPassThrough_Translucent.uasset" 131
"../../../Engine/Content/EngineMaterials/Widget3DPassThrough_Translucent_OneSided.uasset" 132
"../../../Engine/Content/EngineMeshes/Cylinder.uasset" 133
"../../../Engine/Content/EngineMeshes/Sphere.uasset" 134
"../../../Engine/Content/EngineResources/Black.uasset" 135
"../../../Engine/Content/EngineResources/DefaultTextureCube.uasset" 136
"../../../Engine/Content/EngineResources/DefaultVolumeTexture2D.uasset" 137
"../../../Engine/Content/EngineResources/DefaultVolumeTexture.uasset" 138
"../../../Engine/Content/EngineResources/GradientTexture0.uasset" 139
"../../../Engine/Content/EngineSky/VolumetricClouds/T_NoiseShape64.uasset" 140
"../../../Engine/Content/EngineSky/VolumetricClouds/T_VolumeNoiseShape64.uasset" 141
"../../../Engine/Content/EngineSky/VolumetricClouds/T_NoiseErosion.uasset" 142
"../../../Engine/Content/EngineSky/VolumetricClouds/T_VolumeNoiseErosion32.uasset" 143
"../../../Engine/Content/EngineSky/VolumetricClouds/CloudWeatherTexture.uasset" 144
"../../../Engine/Content/EngineSky/VolumetricClouds/CloudGradientTexture.uasset" 145
"../../../Engine/Content/Functions/Engine_MaterialFunctions02/Utility/MakeFloat2.uasset" 146
"../../../Engine/Content/EngineSky/VolumetricClouds/m_SimpleVolumetricCloud.uasset" 147
"../../../Engine/Content/EngineSky/VolumetricClouds/m_SimpleVolumetricCloud_Inst.uasset" 148
"../../../Engine/Content/EngineSounds/Master.uasset" 149
"../../../Engine/Content/Functions/Engine_MaterialFunctions01/Shading/PowerToRoughness.uasset" 150
"../../../Engine/Content/Maps/Templates/Thumbnails/Default.uasset" 151
"../../../Engine/Content/Maps/Templates/Thumbnails/TimeOfDay.uasset" 152
"../../../Engine/Content/Maps/Templates/Thumbnails/VR-Basic.uasset" 153
"../../../Engine/Content/MobileResources/T_MobileControls_texture.uasset" 154
"../../../Engine/Content/MobileResources/T_MobileMenu2.uasset" 155
"../../../Engine/Content/MobileResources/HUD/AnalogHat.uasset" 156
"../../../Engine/Content/MobileResources/HUD/VirtualJoystick_Thumb.uasset" 157
"../../../Engine/Content/MobileResources/HUD/VirtualJoystick_Background.uasset" 158
"../../../Engine/Content/MobileResources/HUD/DefaultVirtualJoysticks.uasset" 159
"../../../Engine/Content/MobileResources/HUD/LeftVirtualJoystickOnly.uasset" 160
"../../../Engine/Content/MobileResources/HUD/MobileHUDButton1_off.uasset" 161
"../../../Engine/Content/MobileResources/HUD/MobileHUDButton1_on.uasset" 162
"../../../Engine/Content/MobileResources/HUD/MobileHUDButton2_off.uasset" 163
"../../../Engine/Content/MobileResources/HUD/MobileHUDButton2_on.uasset" 164
"../../../Engine/Content/MobileResources/HUD/MobileHUDButton3.uasset" 165
"../../../Engine/Content/MobileResources/HUD/MobileHUDButtonFire.uasset" 166
"../../../Engine/Content/MobileResources/HUD/MobileHUDDirectionPad.uasset" 167
"../../../Engine/Content/MobileResources/HUD/MobileHUDDirectionPad2.uasset" 168
"../../../Engine/Content/MobileResources/HUD/MobileHUDDirectionPad3.uasset" 169
"../../../Engine/Content/MobileResources/HUD/MobileHUDDirectionStick.uasset" 170
"../../../Engine/Content/MobileResources/HUD/T_Castle_ThumbstickInner.uasset" 171
"../../../Engine/Content/MobileResources/HUD/T_Castle_ThumbstickOutter.uasset" 172
"../../../Engine/Content/Tutorial/ContentIntroCurve.uasset" 173
"../../../Engine/Content/Tutorial/Basics/LevelEditorAttract.uasset" 174
"../../../Engine/Content/Tutorial/Installation/InstallingVisualStudioTutorial.uasset" 175
"../../../Engine/Content/VREditor/TransformGizmo/TranslucentTransformGizmoMaterial.uasset" 176
"../../../Engine/Content/VREditor/LaserPointer/VR_LaserPower_01.uasset" 177
"../../../Engine/Content/VREditor/TransformGizmo/TransformGizmoMaterial.uasset" 178
"../../../Engine/Content/VREditor/TransformGizmo/BoundingBoxCorner.uasset" 179
"../../../Engine/Content/VREditor/TransformGizmo/BoundingBoxEdge.uasset" 180
"../../../Engine/Content/VREditor/TransformGizmo/PlaneTranslationHandle.uasset" 181
"../../../Engine/Content/VREditor/TransformGizmo/Xray.uasset" 182
"../../../Engine/Content/VREditor/TransformGizmo/Main.uasset" 183
"../../../Engine/Content/VREditor/TransformGizmo/SM_Sequencer_Key.uasset" 184
"../../../Engine/Content/VREditor/TransformGizmo/SM_Sequencer_Node.uasset" 185
"../../Plugins/2D/Paper2D/Content/PlaceholderTextures/DummySpriteTexture.uasset" 186
"../../Plugins/2D/Paper2D/Content/DummySprite.uasset" 187
"../../Plugins/2D/Paper2D/Content/DefaultPaperTerrainMaterial.uasset" 188
"../../Plugins/2D/Paper2D/Content/DefaultSpriteMaterial.uasset" 189
"../../Plugins/2D/Paper2D/Content/MaskedUnlitSpriteMaterial.uasset" 190
"../../Plugins/2D/Paper2D/Content/OpaqueUnlitSpriteMaterial.uasset" 191
"../../../Engine/Content/Functions/Engine_MaterialFunctions02/ObjectLocalBounds.uasset" 192
"../../../Engine/Content/Functions/Engine_MaterialFunctions02/Utility/BreakOutFloat3Components.uasset" 193
"../../Plugins/Editor/SpeedTreeImporter/Content/SpeedTree9/UnpackInteger3.uasset" 194
"../../Plugins/Editor/SpeedTreeImporter/Content/SpeedTree9/UnpackDirection.uasset" 195
"../../Plugins/Editor/SpeedTreeImporter/Content/SpeedTree9/game_wind_noise.uasset" 196
"../../../Engine/Content/Functions/Engine_MaterialFunctions02/SafeNormalize.uasset" 197
"../../Plugins/Editor/SpeedTreeImporter/Content/SpeedTree9/SpeedTreeWindMotion.uasset" 198
"../../Plugins/Editor/SpeedTreeImporter/Content/SpeedTree9/SpeedTreeBranchMotion.uasset" 199
"../../../Engine/Content/Functions/Engine_MaterialFunctions02/UVs/BoundingBoxBased_0-1_UVW.uasset" 200
"../../Plugins/Editor/SpeedTreeImporter/Content/SpeedTree9/SpeedTreeWind.uasset" 201
"../../Plugins/Editor/SpeedTreeImporter/Content/SpeedTree9/SpeedTreeBillboard.uasset" 202
"../../../Engine/Content/EngineResources/DefaultTexture.uasset" 203
"../../Plugins/Editor/SpeedTreeImporter/Content/SpeedTree9/SpeedTreeBillboardMaster.uasset" 204
"../../Plugins/Editor/SpeedTreeImporter/Content/SpeedTree9/SpeedTreeCameraFacing.uasset" 205
"../../Plugins/Editor/SpeedTreeImporter/Content/SpeedTree9/SpeedTreeMaster.uasset" 206
"../../../Engine/Content/BasicShapes/Cylinder.uasset" 207
"../../../Engine/Content/ArtTools/RenderToTexture/Materials/Debug/M_Emissive_Color.uasset" 208
"../../Plugins/Lumin/MagicLeapPassableWorld/Content/MagicLeapARPinInfoActor.uasset" 209
"../../../Engine/Content/Functions/Engine_MaterialFunctions02/Utility/BreakOutFloat4Components.uasset" 210
"../../../Engine/Content/Functions/Engine_MaterialFunctions02/Utility/MakeFloat3.uasset" 211
"../../Plugins/Runtime/Oculus/OculusVR/Content/Materials/OculusMR_ChromaKey.uasset" 212
"../../Plugins/Runtime/Oculus/OculusVR/Content/Materials/OculusMR_OpaqueColoredMaterial.uasset" 213
"../../Plugins/Runtime/Oculus/OculusVR/Content/Materials/PokeAHoleMaterial.uasset" 214
"D:/Users/Sean.peterson/Documents/Unreal Projects/GreyBox2/Content/MainMenu/Sounds/MainMenu_Music.uasset" 215
"D:/Users/Sean.peterson/Documents/Unreal Projects/GreyBox2/Content/MainMenu/Sounds/Master_soundMixClass.uasset" 216
"D:/Users/Sean.peterson/Documents/Unreal Projects/GreyBox2/Content/MainMenu/MainMenu_Images/Calligraphy/Master_volume.uasset" 217
"D:/Users/Sean.peterson/Documents/Unreal Projects/GreyBox2/Content/MainMenu/MainMenu_Images/BackGround/Volume_menu.uasset" 218
"D:/Users/Sean.peterson/Documents/Unreal Projects/GreyBox2/Content/MainMenu/Widgets/Volume_Widget.uasset" 219
"D:/Users/Sean.peterson/Documents/Unreal Projects/GreyBox2/Content/MainMenu/MainMenu_Images/Calligraphy/texture_Quality.uasset" 220
"D:/Users/Sean.peterson/Documents/Unreal Projects/GreyBox2/Content/MainMenu/MainMenu_Images/Calligraphy/Shadow_Quality.uasset" 221
"D:/Users/Sean.peterson/Documents/Unreal Projects/GreyBox2/Content/MainMenu/MainMenu_Images/Calligraphy/Screen_res.uasset" 222
"D:/Users/Sean.peterson/Documents/Unreal Projects/GreyBox2/Content/MainMenu/MainMenu_Images/Calligraphy/Anti_Aliasing.uasset" 223
"D:/Users/Sean.peterson/Documents/Unreal Projects/GreyBox2/Content/MainMenu/MainMenu_Images/Buttons/Back_button.uasset" 224
"D:/Users/Sean.peterson/Documents/Unreal Projects/GreyBox2/Content/MainMenu/MainMenu_Images/BackGround/options_menu.uasset" 225
"D:/Users/Sean.peterson/Documents/Unreal Projects/GreyBox2/Content/MainMenu/Widgets/Options_Widget.uasset" 226
"D:/Users/Sean.peterson/Documents/Unreal Projects/GreyBox2/Content/MainMenu/MainMenu_Images/Buttons/back__1___1_.uasset" 227
"D:/Users/Sean.peterson/Documents/Unreal Projects/GreyBox2/Content/MainMenu/Credits/Credits.uasset" 228
"D:/Users/Sean.peterson/Documents/Unreal Projects/GreyBox2/Content/MainMenu/Widgets/Cretdits_Widget.uasset" 229
"D:/Users/Sean.peterson/Documents/Unreal Projects/GreyBox2/Content/MainMenu/MainMenu_Images/Title/titlebanner.uasset" 230
"D:/Users/Sean.peterson/Documents/Unreal Projects/GreyBox2/Content/MainMenu/MainMenu_Images/Buttons/quit_button4_0__1_.uasset" 231
"D:/Users/Sean.peterson/Documents/Unreal Projects/GreyBox2/Content/MainMenu/MainMenu_Images/Buttons/Play_Button_4_0__1_.uasset" 232
"D:/Users/Sean.peterson/Documents/Unreal Projects/GreyBox2/Content/MainMenu/MainMenu_Images/Buttons/Options_Button_3__1_.uasset" 233
"D:/Users/Sean.peterson/Documents/Unreal Projects/GreyBox2/Content/MainMenu/MainMenu_Images/Buttons/Credit_button_4__1_.uasset" 234
"D:/Users/Sean.peterson/Documents/Unreal Projects/GreyBox2/Content/MainMenu/MainMenu_Images/BackGround/Update_Title_screen.uasset" 235
"D:/Users/Sean.peterson/Documents/Unreal Projects/GreyBox2/Content/MainMenu/MainMenu_Images/BackGround/Border_Mainmenu.uasset" 236
"D:/Users/Sean.peterson/Documents/Unreal Projects/GreyBox2/Content/MainMenu/Widgets/MainMenu_Widget.uasset" 237
"D:/Users/Sean.peterson/Documents/Unreal Projects/GreyBox2/Content/MainMenu/MainMenu_Images/Sound/Audio_in__WAV/Davy_and_Goliath.uasset" 238
"D:/Users/Sean.peterson/Documents/Unreal Projects/GreyBox2/Content/MainMenu/Widgets/MyGameInstance.uasset" 239
"D:/Users/Sean.peterson/Documents/Unreal Projects/GreyBox2/Content/MainMenu/Widgets/MainMenu_PC.uasset" 240
"D:/Users/Sean.peterson/Documents/Unreal Projects/GreyBox2/Content/MainMenu/Widgets/MainMenuGameMode.uasset" 241
"D:/Users/Sean.peterson/Documents/Unreal Projects/GreyBox2/Content/Levels/Mainmenu_Level.umap" 242
"../../../Engine/Content/EngineSky/T_Sky_Stars.uasset" 243
"../../../Engine/Content/EngineSky/T_Sky_Clouds_M.uasset" 244
"../../../Engine/Content/EngineSky/T_Sky_Blue.uasset" 245
"../../../Engine/Content/EngineSky/M_Sky_Panning_Clouds2.uasset" 246
"../../../Engine/Content/Functions/Engine_MaterialFunctions03/Procedurals/ComputeFilterWidth.uasset" 247
"../../../Engine/Content/EngineMaterials/AntiAliasedTextMaterialTranslucent.uasset" 248
"D:/Users/Sean.peterson/Documents/Unreal Projects/GreyBox2/Content/SideScrollerBP/Maps/DavidMap_BuiltData.uasset" 249
"../../../Engine/Content/EngineSky/SM_SkySphere.uasset" 250
"../../../Engine/Content/EngineSky/C_Sky_Zenith_Color.uasset" 251
"../../../Engine/Content/EngineSky/C_Sky_Horizon_Color.uasset" 252
"../../../Engine/Content/EngineSky/C_Sky_Cloud_Color.uasset" 253
"../../../Engine/Content/EngineSky/BP_Sky_Sphere.uasset" 254
"D:/Users/Sean.peterson/Documents/Unreal Projects/GreyBox2/Content/Geometry/Meshes/CubeMaterial.uasset" 255
"D:/Users/Sean.peterson/Documents/Unreal Projects/GreyBox2/Content/Geometry/Meshes/1M_Cube.uasset" 256
"D:/Users/Sean.peterson/Documents/Unreal Projects/GreyBox2/Content/SideScrollerBP/Maps/DavidMap.umap" 257
"../../../Engine/Content/Maps/Entry_BuiltData.uasset" 258
"../../../Engine/Content/Maps/Entry.umap" 259
